{"C:\\Users\\Aguin\\Documents\\Estudos\\Faculdade\\gerencia_de_configuracao\\gerencia_de_configuracao\\main.js": {"path":"C:\\Users\\Aguin\\Documents\\Estudos\\Faculdade\\gerencia_de_configuracao\\gerencia_de_configuracao\\main.js","statementMap":{"0":{"start":{"line":7,"column":2},"end":{"line":7,"column":27}},"1":{"start":{"line":10,"column":0},"end":{"line":10,"column":23}},"2":{"start":{"line":12,"column":0},"end":{"line":14,"column":1}},"3":{"start":{"line":13,"column":2},"end":{"line":13,"column":30}}},"fnMap":{"0":{"name":"greet","decl":{"start":{"line":6,"column":9},"end":{"line":6,"column":14}},"loc":{"start":{"line":6,"column":21},"end":{"line":8,"column":1}},"line":6}},"branchMap":{"0":{"loc":{"start":{"line":12,"column":0},"end":{"line":14,"column":1}},"type":"if","locations":[{"start":{"line":12,"column":0},"end":{"line":14,"column":1}},{"start":{},"end":{}}],"line":12}},"s":{"0":2,"1":1,"2":1,"3":0},"f":{"0":2},"b":{"0":[0,1]},"_coverageSchema":"1a1c01bbd47fc00a2c39e90264f33305004495a9","hash":"7bc9df101b3c40f340cf99d3c8a5bfaaf008a786"}
}
